Build started 16-Jun-13 11:41:25 AM.
     1>Project "D:\Code\CUDA\SAD_v3.1\SAD_v3.1\SAD_v3.vcxproj" on node 2 (build target(s)).
     1>InitializeBuildStatus:
         Creating "Release\SAD_v3.unsuccessfulbuild" because "AlwaysCreate" was specified.
       AddCudaCompileDeps:
       Skipping target "AddCudaCompileDeps" because all output files are up-to-date with respect to the input files.
       AddCudaCompilePropsDeps:
       Skipping target "AddCudaCompilePropsDeps" because all output files are up-to-date with respect to the input files.
       CudaBuild:
       Skipping target "CudaBuild" because all output files are up-to-date with respect to the input files.
       ClCompile:
         C:\Program Files (x86)\Microsoft Visual Studio 10.0\VC\bin\CL.exe /c /I"C:\Program Files\NVIDIA GPU Computing Toolkit\CUDA\v4.2\include" /Zi /nologo /W3 /WX- /O2 /Oi /Oy- /GL /D _MBCS /Gm- /EHsc /MD /GS /Gy /fp:precise /Zc:wchar_t /Zc:forScope /Fo"Release\\" /Fd"Release\vc100.pdb" /Gd /TP /analyze- /errorReport:prompt SAD.cpp
         SAD.cpp
       ManifestResourceCompile:
         All outputs are up-to-date.
       Link:
         C:\Program Files (x86)\Microsoft Visual Studio 10.0\VC\bin\link.exe /ERRORREPORT:PROMPT /OUT:"D:\Code\CUDA\SAD_v3.1\Release\SAD_v3.exe" /INCREMENTAL /NOLOGO /LIBPATH:"C:\Program Files\NVIDIA GPU Computing Toolkit\CUDA\v4.2\lib\Win32" cudart.lib kernel32.lib user32.lib gdi32.lib winspool.lib comdlg32.lib advapi32.lib shell32.lib ole32.lib oleaut32.lib uuid.lib odbc32.lib odbccp32.lib kernel32.lib user32.lib gdi32.lib winspool.lib comdlg32.lib advapi32.lib shell32.lib ole32.lib oleaut32.lib uuid.lib odbc32.lib odbccp32.lib /MANIFEST /ManifestFile:"Release\SAD_v3.exe.intermediate.manifest" /MANIFESTUAC:"level='asInvoker' uiAccess='false'" /DEBUG /PDB:"D:\Code\CUDA\SAD_v3.1\Release\SAD_v3.pdb" /SUBSYSTEM:CONSOLE /OPT:REF /OPT:ICF /LTCG /TLBID:1 /DYNAMICBASE /NXCOMPAT /IMPLIB:"D:\Code\CUDA\SAD_v3.1\Release\SAD_v3.lib" /MACHINE:X86 Release\SAD.cu.obj
         Release\SAD_v3.exe.embed.manifest.res
         Release\HeatConduction.obj
         Release\SAD.obj
         Release\TestMain.obj
     1>LINK : warning LNK4075: ignoring '/INCREMENTAL' due to '/LTCG' specification
         Generating code
         Finished generating code
       Manifest:
         C:\Program Files (x86)\Microsoft SDKs\Windows\v7.0A\bin\mt.exe /nologo /verbose /out:"Release\SAD_v3.exe.embed.manifest" /manifest Release\SAD_v3.exe.intermediate.manifest
         All outputs are up-to-date.
       LinkEmbedManifest:
         All outputs are up-to-date.
         SAD_v3.vcxproj -> D:\Code\CUDA\SAD_v3.1\Release\SAD_v3.exe
       PostBuildEvent:
         echo copy "C:\Program Files\NVIDIA GPU Computing Toolkit\CUDA\v4.2\bin\cudart*.dll" "D:\Code\CUDA\SAD_v3.1\Release\"
         copy "C:\Program Files\NVIDIA GPU Computing Toolkit\CUDA\v4.2\bin\cudart*.dll" "D:\Code\CUDA\SAD_v3.1\Release\"
         :VCEnd
         copy "C:\Program Files\NVIDIA GPU Computing Toolkit\CUDA\v4.2\bin\cudart*.dll" "D:\Code\CUDA\SAD_v3.1\Release\"
         C:\Program Files\NVIDIA GPU Computing Toolkit\CUDA\v4.2\bin\cudart32_42_9.dll
         C:\Program Files\NVIDIA GPU Computing Toolkit\CUDA\v4.2\bin\cudart64_42_9.dll
                 2 file(s) copied.
       FinalizeBuildStatus:
         Deleting file "Release\SAD_v3.unsuccessfulbuild".
         Touching "Release\SAD_v3.lastbuildstate".
     1>Done Building Project "D:\Code\CUDA\SAD_v3.1\SAD_v3.1\SAD_v3.vcxproj" (build target(s)).

Build succeeded.

Time Elapsed 00:00:00.59
