Build started 16-Jun-13 1:59:52 PM.
     1>Project "D:\Code\CUDA\SAD_v3.1\SAD_v3.1\SAD_v3.vcxproj" on node 2 (build target(s)).
     1>InitializeBuildStatus:
         Creating "x64\Debug\SAD_v3.unsuccessfulbuild" because "AlwaysCreate" was specified.
       AddCudaCompileDeps:
         C:\Program Files (x86)\Microsoft Visual Studio 10.0\VC\bin\x86_amd64\cl.exe /E /nologo /showIncludes /TP /D__CUDACC__ /I"C:\Program Files\NVIDIA GPU Computing Toolkit\CUDA\v4.2\bin" /I"C:\Program Files\NVIDIA GPU Computing Toolkit\CUDA\v4.2\include" /I. /FIcuda_runtime.h /c D:\Code\CUDA\SAD_v3.1\SAD_v3.1\SAD.cu 
       AddCudaCompilePropsDeps:
       Skipping target "AddCudaCompilePropsDeps" because all output files are up-to-date with respect to the input files.
       CudaBuild:
         Compiling CUDA source file SAD.cu...
         cmd.exe /C "C:\Users\vanchi\AppData\Local\Temp\tmpa17acf19d0ae42bab5d1a63181031bd5.cmd"
         "C:\Program Files\NVIDIA GPU Computing Toolkit\CUDA\v4.2\bin\nvcc.exe" -gencode=arch=compute_10,code=\"sm_10,compute_10\" --use-local-env --cl-version 2010 -ccbin "C:\Program Files (x86)\Microsoft Visual Studio 10.0\VC\bin\x86_amd64"  -I"C:\Program Files\NVIDIA GPU Computing Toolkit\CUDA\v4.2\include"  -G  --keep-dir "x64\Debug" -maxrregcount=0  --machine 64 --compile  -g    -Xcompiler "/EHsc /nologo /Od /Zi  /MDd  " -o "x64\Debug\SAD.cu.obj" "D:\Code\CUDA\SAD_v3.1\SAD_v3.1\SAD.cu"
         
         D:\Code\CUDA\SAD_v3.1\SAD_v3.1>"C:\Program Files\NVIDIA GPU Computing Toolkit\CUDA\v4.2\bin\nvcc.exe" -gencode=arch=compute_10,code=\"sm_10,compute_10\" --use-local-env --cl-version 2010 -ccbin "C:\Program Files (x86)\Microsoft Visual Studio 10.0\VC\bin\x86_amd64"  -I"C:\Program Files\NVIDIA GPU Computing Toolkit\CUDA\v4.2\include"  -G  --keep-dir "x64\Debug" -maxrregcount=0  --machine 64 --compile  -g    -Xcompiler "/EHsc /nologo /Od /Zi  /MDd  " -o "x64\Debug\SAD.cu.obj" "D:\Code\CUDA\SAD_v3.1\SAD_v3.1\SAD.cu" 
         SAD.cu
     1>D:/Code/CUDA/SAD_v3.1/SAD_v3.1/SAD.cu(76): warning : variable "result" was declared but never referenced
         
     1>D:/Code/CUDA/SAD_v3.1/SAD_v3.1/SAD.cu(114): warning : variable "result" was declared but never referenced
         
         tmpxft_000037a0_00000000-0_SAD.cudafe1.gpu
         tmpxft_000037a0_00000000-5_SAD.cudafe2.gpu
         SAD.cu
     1>D:/Code/CUDA/SAD_v3.1/SAD_v3.1/SAD.cu(76): warning : variable "result" was declared but never referenced
         
     1>D:/Code/CUDA/SAD_v3.1/SAD_v3.1/SAD.cu(114): warning : variable "result" was declared but never referenced
         
         tmpxft_000037a0_00000000-0_SAD.cudafe1.cpp
         tmpxft_000037a0_00000000-11_SAD.ii
         Deleting file "tmpxft_000037a0_00000000-6_SAD.cpp3.o".
       ClCompile:
         C:\Program Files (x86)\Microsoft Visual Studio 10.0\VC\bin\x86_amd64\CL.exe /c /I"C:\Program Files\NVIDIA GPU Computing Toolkit\CUDA\v4.2\include" /Zi /nologo /W3 /WX- /Od /D _MBCS /Gm /EHsc /RTC1 /MDd /GS /fp:precise /Zc:wchar_t /Zc:forScope /Fo"x64\Debug\\" /Fd"x64\Debug\vc100.pdb" /Gd /TP /errorReport:prompt TestMain.cpp
         TestMain.cpp
       ManifestResourceCompile:
         All outputs are up-to-date.
       Link:
         C:\Program Files (x86)\Microsoft Visual Studio 10.0\VC\bin\x86_amd64\link.exe /ERRORREPORT:PROMPT /OUT:"D:\Code\CUDA\SAD_v3.1\x64\Debug\SAD_v3.exe" /INCREMENTAL /NOLOGO /LIBPATH:"C:\Program Files\NVIDIA GPU Computing Toolkit\CUDA\v4.2\lib\x64" cudart.lib kernel32.lib user32.lib gdi32.lib winspool.lib comdlg32.lib advapi32.lib shell32.lib ole32.lib oleaut32.lib uuid.lib odbc32.lib odbccp32.lib kernel32.lib user32.lib gdi32.lib winspool.lib comdlg32.lib advapi32.lib shell32.lib ole32.lib oleaut32.lib uuid.lib odbc32.lib odbccp32.lib /MANIFEST /ManifestFile:"x64\Debug\SAD_v3.exe.intermediate.manifest" /MANIFESTUAC:"level='asInvoker' uiAccess='false'" /DEBUG /PDB:"D:\Code\CUDA\SAD_v3.1\x64\Debug\SAD_v3.pdb" /SUBSYSTEM:CONSOLE /TLBID:1 /DYNAMICBASE /NXCOMPAT /IMPLIB:"D:\Code\CUDA\SAD_v3.1\x64\Debug\SAD_v3.lib" /MACHINE:X64 x64\Debug\SAD.cu.obj
         x64\Debug\SAD_v3.exe.embed.manifest.res
         x64\Debug\HeatConduction.obj
         x64\Debug\SAD.obj
         x64\Debug\TestMain.obj
         SAD_v3.vcxproj -> D:\Code\CUDA\SAD_v3.1\x64\Debug\SAD_v3.exe
       Manifest:
         C:\Program Files (x86)\Microsoft SDKs\Windows\v7.0A\bin\mt.exe /nologo /verbose /out:"x64\Debug\SAD_v3.exe.embed.manifest" /manifest x64\Debug\SAD_v3.exe.intermediate.manifest
         All outputs are up-to-date.
       LinkEmbedManifest:
         All outputs are up-to-date.
         SAD_v3.vcxproj -> D:\Code\CUDA\SAD_v3.1\x64\Debug\SAD_v3.exe
       PostBuildEvent:
         echo copy "C:\Program Files\NVIDIA GPU Computing Toolkit\CUDA\v4.2\bin\cudart*.dll" "D:\Code\CUDA\SAD_v3.1\x64\Debug\"
         copy "C:\Program Files\NVIDIA GPU Computing Toolkit\CUDA\v4.2\bin\cudart*.dll" "D:\Code\CUDA\SAD_v3.1\x64\Debug\"
         :VCEnd
         copy "C:\Program Files\NVIDIA GPU Computing Toolkit\CUDA\v4.2\bin\cudart*.dll" "D:\Code\CUDA\SAD_v3.1\x64\Debug\"
         C:\Program Files\NVIDIA GPU Computing Toolkit\CUDA\v4.2\bin\cudart32_42_9.dll
         C:\Program Files\NVIDIA GPU Computing Toolkit\CUDA\v4.2\bin\cudart64_42_9.dll
                 2 file(s) copied.
       FinalizeBuildStatus:
         Deleting file "x64\Debug\SAD_v3.unsuccessfulbuild".
         Touching "x64\Debug\SAD_v3.lastbuildstate".
     1>Done Building Project "D:\Code\CUDA\SAD_v3.1\SAD_v3.1\SAD_v3.vcxproj" (build target(s)).

Build succeeded.

Time Elapsed 00:00:03.26
